<?xml version="1.0" encoding="UTF-8"?>
<testng-results ignored="0" total="1" passed="1" failed="0" skipped="0">
  <reporter-output>
    <line>
      <![CDATA[Logged in successfully]]>
    </line>
    <line>
      <![CDATA[Added Pickup location]]>
    </line>
    <line>
      <![CDATA[Added Drop Off location]]>
    </line>
    <line>
      <![CDATA[02122021194336]]>
    </line>
    <line>
      <![CDATA[Load Created Successfully]]>
    </line>
  </reporter-output>
  <suite started-at="2021-12-02T19:43:14 IST" name="Default suite" finished-at="2021-12-02T19:43:54 IST" duration-ms="40097">
    <groups>
      <group name="regression">
        <method signature="ValidateArrivedStatusEvent.ValidateArrivedStatus()[pri:1, instance:Scripts.ValidateArrivedStatusEvent@7a1a3478]" name="ValidateArrivedStatus" class="Scripts.ValidateArrivedStatusEvent"/>
      </group> <!-- regression -->
    </groups>
    <test started-at="2021-12-02T19:43:14 IST" name="Default test" finished-at="2021-12-02T19:43:54 IST" duration-ms="40097">
      <class name="Scripts.ValidateArrivedStatusEvent">
        <test-method is-config="true" signature="configBC()[pri:0, instance:Scripts.ValidateArrivedStatusEvent@7a1a3478]" started-at="2021-12-02T19:43:06 IST" name="configBC" finished-at="2021-12-02T19:43:14 IST" duration-ms="7889" status="PASS">
          <reporter-output>
          </reporter-output>
        </test-method> <!-- configBC -->
        <test-method is-config="true" signature="configBT()[pri:0, instance:Scripts.ValidateArrivedStatusEvent@7a1a3478]" started-at="2021-12-02T19:43:14 IST" name="configBT" finished-at="2021-12-02T19:43:14 IST" duration-ms="2" status="PASS">
          <reporter-output>
          </reporter-output>
        </test-method> <!-- configBT -->
        <test-method is-config="true" signature="configBM(java.lang.reflect.Method)[pri:0, instance:Scripts.ValidateArrivedStatusEvent@7a1a3478]" started-at="2021-12-02T19:43:14 IST" name="configBM" finished-at="2021-12-02T19:43:21 IST" duration-ms="6823" status="PASS">
          <params>
            <param index="0">
              <value>
                <![CDATA[public void Scripts.ValidateArrivedStatusEvent.ValidateArrivedStatus() throws java.lang.Throwable]]>
              </value>
            </param>
          </params>
          <reporter-output>
            <line>
              <![CDATA[Logged in successfully]]>
            </line>
          </reporter-output>
        </test-method> <!-- configBM -->
        <test-method signature="ValidateArrivedStatus()[pri:1, instance:Scripts.ValidateArrivedStatusEvent@7a1a3478]" started-at="2021-12-02T19:43:21 IST" name="ValidateArrivedStatus" finished-at="2021-12-02T19:43:54 IST" duration-ms="32801" status="PASS">
          <reporter-output>
            <line>
              <![CDATA[Added Pickup location]]>
            </line>
            <line>
              <![CDATA[Added Drop Off location]]>
            </line>
            <line>
              <![CDATA[02122021194336]]>
            </line>
            <line>
              <![CDATA[Load Created Successfully]]>
            </line>
          </reporter-output>
        </test-method> <!-- ValidateArrivedStatus -->
        <test-method is-config="true" signature="conficAC()[pri:0, instance:Scripts.ValidateArrivedStatusEvent@7a1a3478]" started-at="2021-12-02T19:43:54 IST" name="conficAC" finished-at="2021-12-02T19:43:54 IST" duration-ms="2" status="PASS">
          <reporter-output>
          </reporter-output>
        </test-method> <!-- conficAC -->
      </class> <!-- Scripts.ValidateArrivedStatusEvent -->
    </test> <!-- Default test -->
  </suite> <!-- Default suite -->
</testng-results>
